<?xml version="1.0" encoding="UTF-8"?>
<!-- Generated by org.testng.reporters.JUnitReportReporter -->
<testsuite skipped="0" hostname="LAPTOP-9NK0OFQK" name="com.regression.CNN_Testing" tests="5" failures="1" timestamp="30 Apr 2020 16:13:32 GMT" time="56.103" errors="0">
  <testcase name="Market_05" time="0.958" classname="com.regression.CNN_Testing"/>
  <testcase name="Market_06" time="0.002" classname="com.regression.CNN_Testing">
    <failure type="java.lang.AssertionError" message="Actual Value =[Apple,289.68,+0.67%, Citigroup,48.29,-3.92%, General Electric,6.61,+0.46%, Google,1326.85,-1.07%, Microsoft,177.75,+0.27%]......should  match withExpected Value = [[Apple, 241.43, -1.43%], [Citigroup, 37.48, -4.47%], [General Electric, 6.72, -2.54%], [Google, 1092.51, -2.20%], [Microsoft, 153.83, -0.92%]]: Lists differ at element [0]: [Apple, 241.43, -1.43%] != Apple,289.68,+0.67% expected [[Apple, 241.43, -1.43%]] but found [Apple,289.68,+0.67%]">
      <![CDATA[java.lang.AssertionError: Actual Value =[Apple,289.68,+0.67%, Citigroup,48.29,-3.92%, General Electric,6.61,+0.46%, Google,1326.85,-1.07%, Microsoft,177.75,+0.27%]......should  match withExpected Value = [[Apple, 241.43, -1.43%], [Citigroup, 37.48, -4.47%], [General Electric, 6.72, -2.54%], [Google, 1092.51, -2.20%], [Microsoft, 153.83, -0.92%]]: Lists differ at element [0]: [Apple, 241.43, -1.43%] != Apple,289.68,+0.67% expected [[Apple, 241.43, -1.43%]] but found [Apple,289.68,+0.67%]
at org.testng.Assert.fail(Assert.java:96)
at org.testng.Assert.failNotEquals(Assert.java:776)
at org.testng.Assert.assertEqualsImpl(Assert.java:137)
at org.testng.Assert.assertEquals(Assert.java:831)
at com.regression.CNN_Testing.Market_06(CNN_Testing.java:58)
at sun.reflect.NativeMethodAccessorImpl.invoke0(Native Method)
at sun.reflect.NativeMethodAccessorImpl.invoke(NativeMethodAccessorImpl.java:62)
at sun.reflect.DelegatingMethodAccessorImpl.invoke(DelegatingMethodAccessorImpl.java:43)
at java.lang.reflect.Method.invoke(Method.java:498)
at org.testng.internal.MethodInvocationHelper.invokeMethod(MethodInvocationHelper.java:124)
at org.testng.internal.Invoker.invokeMethod(Invoker.java:583)
at org.testng.internal.Invoker.invokeTestMethod(Invoker.java:719)
at org.testng.internal.Invoker.invokeTestMethods(Invoker.java:989)
at org.testng.internal.TestMethodWorker.invokeTestMethods(TestMethodWorker.java:125)
at org.testng.internal.TestMethodWorker.run(TestMethodWorker.java:109)
at org.testng.TestRunner.privateRun(TestRunner.java:648)
at org.testng.TestRunner.run(TestRunner.java:505)
at org.testng.SuiteRunner.runTest(SuiteRunner.java:455)
at org.testng.SuiteRunner.runSequentially(SuiteRunner.java:450)
at org.testng.SuiteRunner.privateRun(SuiteRunner.java:415)
at org.testng.SuiteRunner.run(SuiteRunner.java:364)
at org.testng.SuiteRunnerWorker.runSuite(SuiteRunnerWorker.java:52)
at org.testng.SuiteRunnerWorker.run(SuiteRunnerWorker.java:84)
at org.testng.TestNG.runSuitesSequentially(TestNG.java:1208)
at org.testng.TestNG.runSuitesLocally(TestNG.java:1137)
at org.testng.TestNG.runSuites(TestNG.java:1049)
at org.testng.TestNG.run(TestNG.java:1017)
at org.testng.remote.AbstractRemoteTestNG.run(AbstractRemoteTestNG.java:115)
at org.testng.remote.RemoteTestNG.initAndRun(RemoteTestNG.java:251)
at org.testng.remote.RemoteTestNG.main(RemoteTestNG.java:77)
]]>
    </failure>
  </testcase> <!-- Market_06 -->
  <testcase name="pagetitle_02" time="47.217" classname="com.regression.CNN_Testing"/>
  <testcase name="Market_03" time="5.947" classname="com.regression.CNN_Testing"/>
  <testcase name="Market_04" time="1.979" classname="com.regression.CNN_Testing"/>
</testsuite> <!-- com.regression.CNN_Testing -->
