<?xml version="1.0" encoding="UTF-8"?>
<testng-results skipped="0" failed="1" ignored="0" total="5" passed="4">
  <reporter-output>
  </reporter-output>
  <suite name="Default suite" duration-ms="72711" started-at="2020-04-30T16:12:19Z" finished-at="2020-04-30T16:13:31Z">
    <groups>
    </groups>
    <test name="Default test" duration-ms="72711" started-at="2020-04-30T16:12:19Z" finished-at="2020-04-30T16:13:31Z">
      <class name="com.regression.CNN_Testing">
        <test-method status="PASS" signature="setup()[pri:0, instance:com.regression.CNN_Testing@146ba0ac]" name="setup" is-config="true" duration-ms="15395" started-at="2020-04-30T16:12:19Z" finished-at="2020-04-30T16:12:34Z">
          <reporter-output>
          </reporter-output>
        </test-method> <!-- setup -->
        <test-method status="PASS" signature="pagetitle_02()[pri:0, instance:com.regression.CNN_Testing@146ba0ac]" name="pagetitle_02" duration-ms="47217" started-at="2020-04-30T16:12:34Z" finished-at="2020-04-30T16:13:21Z">
          <reporter-output>
          </reporter-output>
        </test-method> <!-- pagetitle_02 -->
        <test-method status="PASS" signature="Market_03()[pri:0, instance:com.regression.CNN_Testing@146ba0ac]" name="Market_03" duration-ms="5947" started-at="2020-04-30T16:13:21Z" depends-on-methods="com.regression.CNN_Testing.pagetitle_02" finished-at="2020-04-30T16:13:27Z">
          <reporter-output>
          </reporter-output>
        </test-method> <!-- Market_03 -->
        <test-method status="PASS" signature="Market_04()[pri:0, instance:com.regression.CNN_Testing@146ba0ac]" name="Market_04" duration-ms="1979" started-at="2020-04-30T16:13:27Z" depends-on-methods="com.regression.CNN_Testing.Market_03" finished-at="2020-04-30T16:13:29Z">
          <reporter-output>
          </reporter-output>
        </test-method> <!-- Market_04 -->
        <test-method status="PASS" signature="Market_05()[pri:0, instance:com.regression.CNN_Testing@146ba0ac]" name="Market_05" duration-ms="958" started-at="2020-04-30T16:13:29Z" depends-on-methods="com.regression.CNN_Testing.Market_04" finished-at="2020-04-30T16:13:30Z">
          <reporter-output>
          </reporter-output>
        </test-method> <!-- Market_05 -->
        <test-method status="FAIL" signature="Market_06()[pri:0, instance:com.regression.CNN_Testing@146ba0ac]" name="Market_06" duration-ms="2" started-at="2020-04-30T16:13:30Z" depends-on-methods="com.regression.CNN_Testing.Market_05" finished-at="2020-04-30T16:13:30Z">
          <exception class="java.lang.AssertionError">
            <message>
              <![CDATA[Actual Value =[Apple,289.68,+0.67%, Citigroup,48.29,-3.92%, General Electric,6.61,+0.46%, Google,1326.85,-1.07%, Microsoft,177.75,+0.27%]......should  match withExpected Value = [[Apple, 241.43, -1.43%], [Citigroup, 37.48, -4.47%], [General Electric, 6.72, -2.54%], [Google, 1092.51, -2.20%], [Microsoft, 153.83, -0.92%]]: Lists differ at element [0]: [Apple, 241.43, -1.43%] != Apple,289.68,+0.67% expected [[Apple, 241.43, -1.43%]] but found [Apple,289.68,+0.67%]]]>
            </message>
            <full-stacktrace>
              <![CDATA[java.lang.AssertionError: Actual Value =[Apple,289.68,+0.67%, Citigroup,48.29,-3.92%, General Electric,6.61,+0.46%, Google,1326.85,-1.07%, Microsoft,177.75,+0.27%]......should  match withExpected Value = [[Apple, 241.43, -1.43%], [Citigroup, 37.48, -4.47%], [General Electric, 6.72, -2.54%], [Google, 1092.51, -2.20%], [Microsoft, 153.83, -0.92%]]: Lists differ at element [0]: [Apple, 241.43, -1.43%] != Apple,289.68,+0.67% expected [[Apple, 241.43, -1.43%]] but found [Apple,289.68,+0.67%]
at org.testng.Assert.fail(Assert.java:96)
at org.testng.Assert.failNotEquals(Assert.java:776)
at org.testng.Assert.assertEqualsImpl(Assert.java:137)
at org.testng.Assert.assertEquals(Assert.java:831)
at com.regression.CNN_Testing.Market_06(CNN_Testing.java:58)
at sun.reflect.NativeMethodAccessorImpl.invoke0(Native Method)
at sun.reflect.NativeMethodAccessorImpl.invoke(NativeMethodAccessorImpl.java:62)
at sun.reflect.DelegatingMethodAccessorImpl.invoke(DelegatingMethodAccessorImpl.java:43)
at java.lang.reflect.Method.invoke(Method.java:498)
at org.testng.internal.MethodInvocationHelper.invokeMethod(MethodInvocationHelper.java:124)
at org.testng.internal.Invoker.invokeMethod(Invoker.java:583)
at org.testng.internal.Invoker.invokeTestMethod(Invoker.java:719)
at org.testng.internal.Invoker.invokeTestMethods(Invoker.java:989)
at org.testng.internal.TestMethodWorker.invokeTestMethods(TestMethodWorker.java:125)
at org.testng.internal.TestMethodWorker.run(TestMethodWorker.java:109)
at org.testng.TestRunner.privateRun(TestRunner.java:648)
at org.testng.TestRunner.run(TestRunner.java:505)
at org.testng.SuiteRunner.runTest(SuiteRunner.java:455)
at org.testng.SuiteRunner.runSequentially(SuiteRunner.java:450)
at org.testng.SuiteRunner.privateRun(SuiteRunner.java:415)
at org.testng.SuiteRunner.run(SuiteRunner.java:364)
at org.testng.SuiteRunnerWorker.runSuite(SuiteRunnerWorker.java:52)
at org.testng.SuiteRunnerWorker.run(SuiteRunnerWorker.java:84)
at org.testng.TestNG.runSuitesSequentially(TestNG.java:1208)
at org.testng.TestNG.runSuitesLocally(TestNG.java:1137)
at org.testng.TestNG.runSuites(TestNG.java:1049)
at org.testng.TestNG.run(TestNG.java:1017)
at org.testng.remote.AbstractRemoteTestNG.run(AbstractRemoteTestNG.java:115)
at org.testng.remote.RemoteTestNG.initAndRun(RemoteTestNG.java:251)
at org.testng.remote.RemoteTestNG.main(RemoteTestNG.java:77)
]]>
            </full-stacktrace>
          </exception> <!-- java.lang.AssertionError -->
          <reporter-output>
          </reporter-output>
        </test-method> <!-- Market_06 -->
        <test-method status="PASS" signature="teardown()[pri:0, instance:com.regression.CNN_Testing@146ba0ac]" name="teardown" is-config="true" duration-ms="1071" started-at="2020-04-30T16:13:30Z" finished-at="2020-04-30T16:13:31Z">
          <reporter-output>
          </reporter-output>
        </test-method> <!-- teardown -->
      </class> <!-- com.regression.CNN_Testing -->
    </test> <!-- Default test -->
  </suite> <!-- Default suite -->
</testng-results>
